<?xml version="1.0" encoding="UTF-8"?>
<!-- Generated by org.testng.reporters.JUnitReportReporter -->
<testsuite hostname="DESKTOP-APK6A01" failures="0" tests="2" name="practicetests.testing2" time="0.002" errors="0" timestamp="2022-09-07T17:23:30 EDT" skipped="0">
  <testcase classname="practicetests.testing2" name="test4" time="0.001"/>
  <system-out/>
  <testcase classname="practicetests.testing2" name="test3" time="0.001"/>
  <system-out/>
</testsuite> <!-- practicetests.testing2 -->
