<?xml version="1.0" encoding="UTF-8"?>
<!-- Generated by org.testng.reporters.JUnitReportReporter -->
<testsuite hostname="DESKTOP-APK6A01" failures="0" tests="4" name="practicetests.Testing1" time="0.006" errors="0" timestamp="2022-09-07T17:34:57 EDT" skipped="0">
  <testcase classname="practicetests.Testing1" name="f" time="0.002"/>
  <system-out/>
  <testcase classname="practicetests.Testing1" name="f" time="0.001"/>
  <system-out/>
  <testcase classname="practicetests.Testing1" name="Test1" time="0.002"/>
  <system-out/>
  <testcase classname="practicetests.Testing1" name="Test2" time="0.001"/>
  <system-out/>
</testsuite> <!-- practicetests.Testing1 -->
